<?xml version="1.0" encoding="utf-8"?>
<coverage line-rate="0.9113" branch-rate="0.7707999999999999" version="1.9" timestamp="1669585634" lines-covered="72" lines-valid="79" branches-covered="37" branches-valid="48">
  <sources>
    <source>E:\code\NoDiscardAnalyzer\</source>
  </sources>
  <packages>
    <package name="DaS.NoDiscardAnalyzer.Attributes" line-rate="0" branch-rate="1" complexity="2">
      <classes>
        <class name="DaS.NoDiscardAnalyzer.Attributes.NoDiscardAttribute" filename="Attributes\NoDiscardAttribute.cs" line-rate="0" branch-rate="1" complexity="2">
          <methods>
            <method name="get_Explanation" signature="()" line-rate="0" branch-rate="1" complexity="1">
              <lines>
                <line number="12" hits="0" branch="False" />
              </lines>
            </method>
            <method name=".ctor" signature="(System.String)" line-rate="0" branch-rate="1" complexity="1">
              <lines>
                <line number="14" hits="0" branch="False" />
                <line number="16" hits="0" branch="False" />
                <line number="17" hits="0" branch="False" />
              </lines>
            </method>
          </methods>
          <lines>
            <line number="12" hits="0" branch="False" />
            <line number="14" hits="0" branch="False" />
            <line number="16" hits="0" branch="False" />
            <line number="17" hits="0" branch="False" />
          </lines>
        </class>
      </classes>
    </package>
    <package name="DaS.NoDiscardAnalyzer.CodeFixes" line-rate="1" branch-rate="1" complexity="0">
      <classes />
    </package>
    <package name="DaS.NoDiscardAnalyzer" line-rate="0.96" branch-rate="0.7707999999999999" complexity="53">
      <classes>
        <class name="DaS.NoDiscardAnalyzer.NoDiscardAnalyzer" filename="Analyzer\NoDiscardAnalyzer.cs" line-rate="0.9736" branch-rate="0.9" complexity="13">
          <methods>
            <method name="get_SupportedDiagnostics" signature="()" line-rate="1" branch-rate="1" complexity="1">
              <lines>
                <line number="30" hits="599" branch="False" />
              </lines>
            </method>
            <method name="Initialize" signature="(Microsoft.CodeAnalysis.Diagnostics.AnalysisContext)" line-rate="1" branch-rate="1" complexity="2">
              <lines>
                <line number="35" hits="40" branch="False" />
                <line number="36" hits="40" branch="False" />
                <line number="37" hits="40" branch="True" condition-coverage="100% (2/2)">
                  <conditions>
                    <condition number="20" type="jump" coverage="100%" />
                  </conditions>
                </line>
                <line number="38" hits="40" branch="False" />
              </lines>
            </method>
            <method name="OnCompilationStarted" signature="(Microsoft.CodeAnalysis.Diagnostics.CompilationStartAnalysisContext)" line-rate="0.9375" branch-rate="0.75" complexity="4">
              <lines>
                <line number="42" hits="26" branch="True" condition-coverage="100% (2/2)">
                  <conditions>
                    <condition number="28" type="jump" coverage="100%" />
                  </conditions>
                </line>
                <line number="43" hits="26" branch="False" />
                <line number="45" hits="24" branch="False" />
                <line number="47" hits="26" branch="False" />
                <line number="48" hits="26" branch="False" />
                <line number="49" hits="26" branch="True" condition-coverage="50% (1/2)">
                  <conditions>
                    <condition number="50" type="jump" coverage="50%" />
                  </conditions>
                </line>
                <line number="51" hits="0" branch="False" />
                <line number="53" hits="26" branch="False" />
                <line number="57" hits="26" branch="False" />
                <line number="58" hits="26" branch="False" />
                <line number="59" hits="26" branch="False" />
                <line number="60" hits="26" branch="False" />
                <line number="61" hits="26" branch="False" />
                <line number="62" hits="26" branch="False" />
                <line number="63" hits="26" branch="False" />
                <line number="64" hits="26" branch="False" />
              </lines>
            </method>
            <method name="GetDiscardForbiddenTypes" signature="(Microsoft.CodeAnalysis.Diagnostics.AnalyzerOptions,Microsoft.CodeAnalysis.Compilation,System.Threading.CancellationToken)" line-rate="1" branch-rate="1" complexity="4">
              <lines>
                <line number="68" hits="26" branch="False" />
                <line number="69" hits="30" branch="False" />
                <line number="70" hits="26" branch="True" condition-coverage="100% (2/2)">
                  <conditions>
                    <condition number="56" type="jump" coverage="100%" />
                  </conditions>
                </line>
                <line number="71" hits="26" branch="True" condition-coverage="100% (2/2)">
                  <conditions>
                    <condition number="70" type="jump" coverage="100%" />
                  </conditions>
                </line>
                <line number="73" hits="22" branch="False" />
                <line number="75" hits="8" branch="False" />
                <line number="76" hits="4" branch="False" />
                <line number="77" hits="4" branch="False" />
                <line number="78" hits="4" branch="False" />
                <line number="79" hits="4" branch="False" />
              </lines>
            </method>
            <method name=".ctor" signature="()" line-rate="1" branch-rate="1" complexity="1">
              <lines>
                <line number="31" hits="55" branch="False" />
              </lines>
            </method>
            <method name=".cctor" signature="()" line-rate="1" branch-rate="1" complexity="1">
              <lines>
                <line number="23" hits="1" branch="False" />
                <line number="24" hits="1" branch="False" />
                <line number="25" hits="1" branch="False" />
                <line number="26" hits="1" branch="False" />
                <line number="27" hits="1" branch="False" />
                <line number="28" hits="1" branch="False" />
              </lines>
            </method>
          </methods>
          <lines>
            <line number="30" hits="599" branch="False" />
            <line number="35" hits="40" branch="False" />
            <line number="36" hits="40" branch="False" />
            <line number="37" hits="40" branch="True" condition-coverage="100% (2/2)">
              <conditions>
                <condition number="20" type="jump" coverage="100%" />
              </conditions>
            </line>
            <line number="38" hits="40" branch="False" />
            <line number="42" hits="26" branch="True" condition-coverage="100% (2/2)">
              <conditions>
                <condition number="28" type="jump" coverage="100%" />
              </conditions>
            </line>
            <line number="43" hits="26" branch="False" />
            <line number="45" hits="24" branch="False" />
            <line number="47" hits="26" branch="False" />
            <line number="48" hits="26" branch="False" />
            <line number="49" hits="26" branch="True" condition-coverage="50% (1/2)">
              <conditions>
                <condition number="50" type="jump" coverage="50%" />
              </conditions>
            </line>
            <line number="51" hits="0" branch="False" />
            <line number="53" hits="26" branch="False" />
            <line number="57" hits="26" branch="False" />
            <line number="58" hits="26" branch="False" />
            <line number="59" hits="26" branch="False" />
            <line number="60" hits="26" branch="False" />
            <line number="61" hits="26" branch="False" />
            <line number="62" hits="26" branch="False" />
            <line number="63" hits="26" branch="False" />
            <line number="64" hits="26" branch="False" />
            <line number="68" hits="26" branch="False" />
            <line number="69" hits="30" branch="False" />
            <line number="70" hits="26" branch="True" condition-coverage="100% (2/2)">
              <conditions>
                <condition number="56" type="jump" coverage="100%" />
              </conditions>
            </line>
            <line number="71" hits="26" branch="True" condition-coverage="100% (2/2)">
              <conditions>
                <condition number="70" type="jump" coverage="100%" />
              </conditions>
            </line>
            <line number="73" hits="22" branch="False" />
            <line number="75" hits="8" branch="False" />
            <line number="76" hits="4" branch="False" />
            <line number="77" hits="4" branch="False" />
            <line number="78" hits="4" branch="False" />
            <line number="79" hits="4" branch="False" />
            <line number="31" hits="55" branch="False" />
            <line number="23" hits="1" branch="False" />
            <line number="24" hits="1" branch="False" />
            <line number="25" hits="1" branch="False" />
            <line number="26" hits="1" branch="False" />
            <line number="27" hits="1" branch="False" />
            <line number="28" hits="1" branch="False" />
          </lines>
        </class>
        <class name="DaS.NoDiscardAnalyzer.NoDiscardAnalyzer/PerCompilation" filename="Analyzer\NoDiscardAnalyzer.cs" line-rate="0.9428" branch-rate="0.7058" complexity="36">
          <methods>
            <method name="AnalyzeInvocation" signature="(Microsoft.CodeAnalysis.Diagnostics.SyntaxNodeAnalysisContext)" line-rate="0.9411" branch-rate="0.8887999999999999" complexity="18">
              <lines>
                <line number="98" hits="29" branch="False" />
                <line number="99" hits="29" branch="False" />
                <line number="101" hits="29" branch="True" condition-coverage="100% (2/2)">
                  <conditions>
                    <condition number="26" type="jump" coverage="100%" />
                  </conditions>
                </line>
                <line number="103" hits="4" branch="False" />
                <line number="107" hits="29" branch="True" condition-coverage="100% (4/4)">
                  <conditions>
                    <condition number="41" type="jump" coverage="100%" />
                    <condition number="49" type="jump" coverage="100%" />
                  </conditions>
                </line>
                <line number="109" hits="5" branch="False" />
                <line number="111" hits="24" branch="False" />
                <line number="112" hits="24" branch="True" condition-coverage="50% (2/4)">
                  <conditions>
                    <condition number="91" type="jump" coverage="50%" />
                    <condition number="109" type="jump" coverage="50%" />
                  </conditions>
                </line>
                <line number="114" hits="0" branch="False" />
                <line number="116" hits="24" branch="False" />
                <line number="117" hits="24" branch="True" condition-coverage="100% (8/8)">
                  <conditions>
                    <condition number="132" type="jump" coverage="100%" />
                    <condition number="146" type="jump" coverage="100%" />
                    <condition number="160" type="jump" coverage="100%" />
                    <condition number="174" type="jump" coverage="100%" />
                  </conditions>
                </line>
                <line number="118" hits="24" branch="False" />
                <line number="119" hits="24" branch="False" />
                <line number="120" hits="24" branch="False" />
                <line number="122" hits="24" branch="False" />
                <line number="123" hits="24" branch="False" />
                <line number="125" hits="24" branch="False" />
              </lines>
            </method>
            <method name="UnwrapTaskIfNecessary" signature="(Microsoft.CodeAnalysis.INamedTypeSymbol)" line-rate="0.8" branch-rate="0.6666" complexity="6">
              <lines>
                <line number="129" hits="24" branch="True" condition-coverage="100% (2/2)">
                  <conditions>
                    <condition number="6" type="jump" coverage="100%" />
                  </conditions>
                </line>
                <line number="131" hits="16" branch="False" />
                <line number="133" hits="8" branch="True" condition-coverage="50% (1/2)">
                  <conditions>
                    <condition number="27" type="jump" coverage="50%" />
                  </conditions>
                </line>
                <line number="135" hits="8" branch="True" condition-coverage="50% (1/2)">
                  <conditions>
                    <condition number="46" type="jump" coverage="50%" />
                  </conditions>
                </line>
                <line number="137" hits="0" branch="False" />
              </lines>
            </method>
            <method name="HasNoDiscardAttribute" signature="(System.Collections.Immutable.ImmutableArray`1&lt;Microsoft.CodeAnalysis.AttributeData&gt;)" line-rate="1" branch-rate="1" complexity="1">
              <lines>
                <line number="140" hits="34" branch="False" />
                <line number="141" hits="54" branch="False" />
              </lines>
            </method>
            <method name="IsolateMethodName" signature="(Microsoft.CodeAnalysis.CSharp.Syntax.InvocationExpressionSyntax)" line-rate="1" branch-rate="0.4" complexity="10">
              <lines>
                <line number="145" hits="24" branch="True" condition-coverage="40% (4/10)">
                  <conditions>
                    <condition number="12" type="jump" coverage="50%" />
                    <condition number="24" type="jump" coverage="50%" />
                    <condition number="39" type="jump" coverage="50%" />
                    <condition number="54" type="jump" coverage="0%" />
                    <condition number="66" type="jump" coverage="50%" />
                  </conditions>
                </line>
                <line number="146" hits="24" branch="False" />
                <line number="147" hits="24" branch="False" />
                <line number="148" hits="24" branch="False" />
                <line number="149" hits="24" branch="False" />
              </lines>
            </method>
            <method name=".ctor" signature="(Microsoft.CodeAnalysis.INamedTypeSymbol,System.Collections.Immutable.IImmutableSet`1&lt;Microsoft.CodeAnalysis.INamedTypeSymbol&gt;,System.Collections.Immutable.IImmutableSet`1&lt;Microsoft.CodeAnalysis.INamedTypeSymbol&gt;)" line-rate="1" branch-rate="1" complexity="1">
              <lines>
                <line number="88" hits="26" branch="False" />
                <line number="89" hits="26" branch="False" />
                <line number="91" hits="26" branch="False" />
                <line number="92" hits="26" branch="False" />
                <line number="93" hits="26" branch="False" />
                <line number="94" hits="26" branch="False" />
              </lines>
            </method>
          </methods>
          <lines>
            <line number="98" hits="29" branch="False" />
            <line number="99" hits="29" branch="False" />
            <line number="101" hits="29" branch="True" condition-coverage="100% (2/2)">
              <conditions>
                <condition number="26" type="jump" coverage="100%" />
              </conditions>
            </line>
            <line number="103" hits="4" branch="False" />
            <line number="107" hits="29" branch="True" condition-coverage="100% (4/4)">
              <conditions>
                <condition number="41" type="jump" coverage="100%" />
                <condition number="49" type="jump" coverage="100%" />
              </conditions>
            </line>
            <line number="109" hits="5" branch="False" />
            <line number="111" hits="24" branch="False" />
            <line number="112" hits="24" branch="True" condition-coverage="50% (2/4)">
              <conditions>
                <condition number="91" type="jump" coverage="50%" />
                <condition number="109" type="jump" coverage="50%" />
              </conditions>
            </line>
            <line number="114" hits="0" branch="False" />
            <line number="116" hits="24" branch="False" />
            <line number="117" hits="24" branch="True" condition-coverage="100% (8/8)">
              <conditions>
                <condition number="132" type="jump" coverage="100%" />
                <condition number="146" type="jump" coverage="100%" />
                <condition number="160" type="jump" coverage="100%" />
                <condition number="174" type="jump" coverage="100%" />
              </conditions>
            </line>
            <line number="118" hits="24" branch="False" />
            <line number="119" hits="24" branch="False" />
            <line number="120" hits="24" branch="False" />
            <line number="122" hits="24" branch="False" />
            <line number="123" hits="24" branch="False" />
            <line number="125" hits="24" branch="False" />
            <line number="129" hits="24" branch="True" condition-coverage="100% (2/2)">
              <conditions>
                <condition number="6" type="jump" coverage="100%" />
              </conditions>
            </line>
            <line number="131" hits="16" branch="False" />
            <line number="133" hits="8" branch="True" condition-coverage="50% (1/2)">
              <conditions>
                <condition number="27" type="jump" coverage="50%" />
              </conditions>
            </line>
            <line number="135" hits="8" branch="True" condition-coverage="50% (1/2)">
              <conditions>
                <condition number="46" type="jump" coverage="50%" />
              </conditions>
            </line>
            <line number="137" hits="0" branch="False" />
            <line number="140" hits="34" branch="False" />
            <line number="141" hits="54" branch="False" />
            <line number="145" hits="24" branch="True" condition-coverage="40% (4/10)">
              <conditions>
                <condition number="12" type="jump" coverage="50%" />
                <condition number="24" type="jump" coverage="50%" />
                <condition number="39" type="jump" coverage="50%" />
                <condition number="54" type="jump" coverage="0%" />
                <condition number="66" type="jump" coverage="50%" />
              </conditions>
            </line>
            <line number="146" hits="24" branch="False" />
            <line number="147" hits="24" branch="False" />
            <line number="148" hits="24" branch="False" />
            <line number="149" hits="24" branch="False" />
            <line number="88" hits="26" branch="False" />
            <line number="89" hits="26" branch="False" />
            <line number="91" hits="26" branch="False" />
            <line number="92" hits="26" branch="False" />
            <line number="93" hits="26" branch="False" />
            <line number="94" hits="26" branch="False" />
          </lines>
        </class>
        <class name="DaS.NoDiscardAnalyzer.Utilities.EnumerableExtensions" filename="Analyzer\Utilities\EnumerableExtensions.cs" line-rate="1" branch-rate="1" complexity="4">
          <methods>
            <method name="FilterNull" signature="(System.Collections.Generic.IEnumerable`1&lt;TSource&gt;)" line-rate="1" branch-rate="1" complexity="2">
              <lines>
                <line number="17" hits="91" branch="True" condition-coverage="100% (2/2)">
                  <conditions>
                    <condition number="7" type="jump" coverage="100%" />
                  </conditions>
                </line>
              </lines>
            </method>
            <method name="FilterNull" signature="(System.Collections.Generic.IEnumerable`1&lt;System.Nullable`1&lt;TSource&gt;&gt;)" line-rate="1" branch-rate="1" complexity="2">
              <lines>
                <line number="28" hits="5" branch="True" condition-coverage="100% (2/2)">
                  <conditions>
                    <condition number="7" type="jump" coverage="100%" />
                  </conditions>
                </line>
              </lines>
            </method>
          </methods>
          <lines>
            <line number="17" hits="91" branch="True" condition-coverage="100% (2/2)">
              <conditions>
                <condition number="7" type="jump" coverage="100%" />
              </conditions>
            </line>
            <line number="28" hits="5" branch="True" condition-coverage="100% (2/2)">
              <conditions>
                <condition number="7" type="jump" coverage="100%" />
              </conditions>
            </line>
          </lines>
        </class>
      </classes>
    </package>
  </packages>
</coverage>